<?xml version="1.0" encoding="UTF-8"?>
<testsuite name="model.MediumBotTest" tests="1" skipped="0" failures="0" errors="0" timestamp="2018-06-07T18:33:59" hostname="DESKTOP-M0VGVUA" time="0.002">
  <properties/>
  <testcase name="MediumBotCloseWinAttackOn2StepsForward" classname="model.MediumBotTest" time="0.002"/>
  <system-out><![CDATA[]]></system-out>
  <system-err><![CDATA[]]></system-err>
</testsuite>
