<?xml version="1.0" encoding="UTF-8"?>
<testsuite name="model.CheckWinnerTest" tests="6" skipped="0" failures="0" errors="0" timestamp="2018-05-29T17:02:21" hostname="DESKTOP-INSQ1E8" time="0.071">
  <properties/>
  <testcase name="checkOutOfFieldTestShouldReturnTrue" classname="model.CheckWinnerTest" time="0.001"/>
  <testcase name="checkDrawTestShouldReturnFalse" classname="model.CheckWinnerTest" time="0.006"/>
  <testcase name="checkWinTestShouldReturnFalse" classname="model.CheckWinnerTest" time="0.003"/>
  <testcase name="checkDrawTestShouldReturnTrue" classname="model.CheckWinnerTest" time="0.004"/>
  <testcase name="refreshDataTestShouldReturnTrue" classname="model.CheckWinnerTest" time="0.04"/>
  <testcase name="checkWinTestShouldReturnTrue" classname="model.CheckWinnerTest" time="0.007"/>
  <system-out><![CDATA[]]></system-out>
  <system-err><![CDATA[]]></system-err>
</testsuite>
