<?xml version="1.0" encoding="UTF-8"?>
<testsuite name="model.BotTest" tests="10" skipped="0" failures="0" errors="0" timestamp="2018-06-05T14:36:10" hostname="DESKTOP-M0VGVUA" time="0.34">
  <properties/>
  <testcase name="winAttackDidnotFindWinPositionAndReturnFalse" classname="model.BotTest" time="0.165"/>
  <testcase name="getPointToWinOnSize3x3" classname="model.BotTest" time="0.0"/>
  <testcase name="getPointToWinOnSize5x5" classname="model.BotTest" time="0.085"/>
  <testcase name="getPointToWinOnSize7x7" classname="model.BotTest" time="0.0"/>
  <testcase name="defAttackClosedWinPosition" classname="model.BotTest" time="0.077"/>
  <testcase name="setEnemyWhoOn1WhenTurnIs0" classname="model.BotTest" time="0.0"/>
  <testcase name="setEnemyWhoOn1WhenTurnIs1" classname="model.BotTest" time="0.0"/>
  <testcase name="setEnemyWhoOn2WhenTurnIs0" classname="model.BotTest" time="0.0"/>
  <testcase name="setEnemyWhoOn2WhenTurnIs1" classname="model.BotTest" time="0.0"/>
  <testcase name="defAttackDidNotFindWinAttackForEnemyAndReturnFalse" classname="model.BotTest" time="0.01"/>
  <system-out><![CDATA[]]></system-out>
  <system-err><![CDATA[]]></system-err>
</testsuite>
