<?xml version="1.0" encoding="UTF-8"?>
<testsuite name="model.PvPGameProcessTest" tests="7" skipped="0" failures="0" errors="0" timestamp="2018-05-29T14:18:15" hostname="DESKTOP-M0VGVUA" time="0.118">
  <properties/>
  <testcase name="Return_2_WhenTurnIsTrue" classname="model.PvPGameProcessTest" time="0.051"/>
  <testcase name="CheckThatEndGameSetAllUnfilledButtonsOnFalse" classname="model.PvPGameProcessTest" time="0.001"/>
  <testcase name="Return_1_WhenTurnIsFalse" classname="model.PvPGameProcessTest" time="0.0"/>
  <testcase name="refreshShouldChangeTurnOnTrue" classname="model.PvPGameProcessTest" time="0.0"/>
  <testcase name="CheckThatIsWinnerCreatesRightObjWithSecondWinImgName" classname="model.PvPGameProcessTest" time="0.019"/>
  <testcase name="CheckThatIsWinnerCreatesRightObjWithFirstWinImgName" classname="model.PvPGameProcessTest" time="0.019"/>
  <testcase name="CheckThatIsWinnerCreatesRightObjWithDrawImgName" classname="model.PvPGameProcessTest" time="0.026"/>
  <system-out><![CDATA[]]></system-out>
  <system-err><![CDATA[]]></system-err>
</testsuite>
