<?xml version="1.0" encoding="UTF-8"?>
<testsuite name="model.CheckWinnerTest" tests="4" skipped="0" failures="0" errors="0" timestamp="2018-03-27T07:56:14" hostname="DESKTOP-M0VGVUA" time="0.005">
  <properties/>
  <testcase name="refreshData" classname="model.CheckWinnerTest" time="0.002"/>
  <testcase name="checkOutOfField" classname="model.CheckWinnerTest" time="0.002"/>
  <testcase name="checkDraw" classname="model.CheckWinnerTest" time="0.0"/>
  <testcase name="checkWin" classname="model.CheckWinnerTest" time="0.0"/>
  <system-out><![CDATA[]]></system-out>
  <system-err><![CDATA[]]></system-err>
</testsuite>
