<?xml version="1.0" encoding="UTF-8"?>
<testsuite name="model.ButtonsTest" tests="3" skipped="0" failures="0" errors="0" timestamp="2018-05-22T10:59:14" hostname="DESKTOP-M0VGVUA" time="0.006">
  <properties/>
  <testcase name="endGame" classname="model.ButtonsTest" time="0.0"/>
  <testcase name="refreshFree" classname="model.ButtonsTest" time="0.005"/>
  <testcase name="refreshWho" classname="model.ButtonsTest" time="0.0"/>
  <system-out><![CDATA[]]></system-out>
  <system-err><![CDATA[]]></system-err>
</testsuite>
