<?xml version="1.0" encoding="UTF-8"?>
<testsuite name="model.PvMGameProcessTest" tests="2" skipped="0" failures="0" errors="0" timestamp="2018-06-07T18:33:59" hostname="DESKTOP-M0VGVUA" time="0.011">
  <properties/>
  <testcase name="checkIfRefreshUpdatesEndGame" classname="model.PvMGameProcessTest" time="0.009"/>
  <testcase name="checkThatEndGameMakesAllButtonsInactive" classname="model.PvMGameProcessTest" time="0.001"/>
  <system-out><![CDATA[]]></system-out>
  <system-err><![CDATA[]]></system-err>
</testsuite>
