<?xml version="1.0" encoding="UTF-8"?>
<testsuite name="model.CheckWinnerTest" tests="4" skipped="0" failures="0" errors="0" timestamp="2018-03-27T09:30:06" hostname="DESKTOP-5F2QA50" time="0.181">
  <properties/>
  <testcase name="refreshData" classname="model.CheckWinnerTest" time="0.007"/>
  <testcase name="checkOutOfField" classname="model.CheckWinnerTest" time="0.051"/>
  <testcase name="checkDraw" classname="model.CheckWinnerTest" time="0.005"/>
  <testcase name="checkWin" classname="model.CheckWinnerTest" time="0.002"/>
  <system-out><![CDATA[]]></system-out>
  <system-err><![CDATA[]]></system-err>
</testsuite>
