<?xml version="1.0" encoding="UTF-8"?>
<testsuite name="model.BotTest" tests="8" skipped="0" failures="0" errors="0" timestamp="2018-05-29T14:18:15" hostname="DESKTOP-M0VGVUA" time="0.269">
  <properties/>
  <testcase name="winAttack" classname="model.BotTest" time="0.267"/>
  <testcase name="getPointToWinOnSize3x3" classname="model.BotTest" time="0.0"/>
  <testcase name="getPointToWinOnSize5x5" classname="model.BotTest" time="0.0"/>
  <testcase name="getPointToWinOnSize7x7" classname="model.BotTest" time="0.0"/>
  <testcase name="setEnemyWhoOn1WhenTurnIs0" classname="model.BotTest" time="0.0"/>
  <testcase name="setEnemyWhoOn1WhenTurnIs1" classname="model.BotTest" time="0.0"/>
  <testcase name="setEnemyWhoOn2WhenTurnIs0" classname="model.BotTest" time="0.0"/>
  <testcase name="setEnemyWhoOn2WhenTurnIs1" classname="model.BotTest" time="0.0"/>
  <system-out><![CDATA[]]></system-out>
  <system-err><![CDATA[]]></system-err>
</testsuite>
