<?xml version="1.0" encoding="UTF-8"?>
<testsuite name="model.ButtonsTest" tests="3" skipped="0" failures="0" errors="0" timestamp="2018-05-22T12:23:29" hostname="DESKTOP-M0VGVUA" time="0.12">
  <properties/>
  <testcase name="endGame" classname="model.ButtonsTest" time="0.062"/>
  <testcase name="refreshFree" classname="model.ButtonsTest" time="0.0"/>
  <testcase name="refreshWho" classname="model.ButtonsTest" time="0.057"/>
  <system-out><![CDATA[]]></system-out>
  <system-err><![CDATA[]]></system-err>
</testsuite>
