<?xml version="1.0" encoding="UTF-8"?>
<testsuite name="model.BotTest" tests="2" skipped="0" failures="0" errors="0" timestamp="2018-05-22T11:43:05" hostname="DESKTOP-M0VGVUA" time="0.127">
  <properties/>
  <testcase name="setEnemyWho" classname="model.BotTest" time="0.114"/>
  <testcase name="getPointToWin" classname="model.BotTest" time="0.001"/>
  <system-out><![CDATA[]]></system-out>
  <system-err><![CDATA[]]></system-err>
</testsuite>
