<?xml version="1.0" encoding="UTF-8"?>
<testsuite name="model.MediumBotTest" tests="1" skipped="0" failures="0" errors="0" timestamp="2018-06-05T21:41:34" hostname="DESKTOP-5F2QA50" time="0.0">
  <properties/>
  <testcase name="hitBotCloseWinAttackOn2StepsForward" classname="model.MediumBotTest" time="0.0"/>
  <system-out><![CDATA[]]></system-out>
  <system-err><![CDATA[]]></system-err>
</testsuite>
