<?xml version="1.0" encoding="UTF-8"?>
<testsuite name="model.MediumBotTest" tests="1" skipped="0" failures="0" errors="0" timestamp="2018-06-05T20:40:19" hostname="DESKTOP-5F2QA50" time="0.016">
  <properties/>
  <testcase name="hitBotCloseWinAttackOn2StepsForward" classname="model.MediumBotTest" time="0.016"/>
  <system-out><![CDATA[]]></system-out>
  <system-err><![CDATA[]]></system-err>
</testsuite>
