<?xml version="1.0" encoding="UTF-8"?>
<testsuite name="model.PvPGameProcessTest" tests="4" skipped="0" failures="0" errors="0" timestamp="2018-05-22T12:23:29" hostname="DESKTOP-M0VGVUA" time="0.07">
  <properties/>
  <testcase name="Return_2_WhenTurnIsTrue" classname="model.PvPGameProcessTest" time="0.067"/>
  <testcase name="CheckThatEndGameSetAllUnfilledButtonsOnFalse" classname="model.PvPGameProcessTest" time="0.003"/>
  <testcase name="Return_1_WhenTurnIsFalse" classname="model.PvPGameProcessTest" time="0.0"/>
  <testcase name="refreshShouldChangeTurnOnTrue" classname="model.PvPGameProcessTest" time="0.0"/>
  <system-out><![CDATA[]]></system-out>
  <system-err><![CDATA[]]></system-err>
</testsuite>
