<?xml version="1.0" encoding="UTF-8"?>
<testsuite name="model.CheckWinnerTest" tests="6" skipped="0" failures="0" errors="0" timestamp="2018-05-22T11:20:34" hostname="DESKTOP-M0VGVUA" time="0.028">
  <properties/>
  <testcase name="checkOutOfFieldTestShouldReturnTrue" classname="model.CheckWinnerTest" time="0.0"/>
  <testcase name="checkDrawTestShouldReturnFalse" classname="model.CheckWinnerTest" time="0.005"/>
  <testcase name="checkWinTestShouldReturnFalse" classname="model.CheckWinnerTest" time="0.005"/>
  <testcase name="checkDrawTestShouldReturnTrue" classname="model.CheckWinnerTest" time="0.003"/>
  <testcase name="refreshDataTestShouldReturnTrue" classname="model.CheckWinnerTest" time="0.007"/>
  <testcase name="checkWinTestShouldReturnTrue" classname="model.CheckWinnerTest" time="0.005"/>
  <system-out><![CDATA[]]></system-out>
  <system-err><![CDATA[]]></system-err>
</testsuite>
