<?xml version="1.0" encoding="UTF-8"?>
<testsuite name="view.ChangeColorTest" tests="2" skipped="0" failures="0" errors="0" timestamp="2018-06-07T18:33:59" hostname="DESKTOP-M0VGVUA" time="0.067">
  <properties/>
  <testcase name="changePvMTextColor" classname="view.ChangeColorTest" time="0.056"/>
  <testcase name="changePvPTextColor" classname="view.ChangeColorTest" time="0.01"/>
  <system-out><![CDATA[]]></system-out>
  <system-err><![CDATA[]]></system-err>
</testsuite>
