<?xml version="1.0" encoding="UTF-8"?>
<testsuite name="model.UltrScoreTest" tests="6" skipped="0" failures="0" errors="0" timestamp="2018-05-29T17:02:21" hostname="DESKTOP-INSQ1E8" time="0.018">
  <properties/>
  <testcase name="setScoreTest" classname="model.UltrScoreTest" time="0.001"/>
  <testcase name="setColTest" classname="model.UltrScoreTest" time="0.004"/>
  <testcase name="setRawTest" classname="model.UltrScoreTest" time="0.0"/>
  <testcase name="getColTest" classname="model.UltrScoreTest" time="0.0"/>
  <testcase name="getRawTest" classname="model.UltrScoreTest" time="0.002"/>
  <testcase name="getScoreTest" classname="model.UltrScoreTest" time="0.001"/>
  <system-out><![CDATA[]]></system-out>
  <system-err><![CDATA[]]></system-err>
</testsuite>
