<?xml version="1.0" encoding="UTF-8"?>
<testsuite name="model.BotTest" tests="3" skipped="0" failures="0" errors="0" timestamp="2018-05-22T10:59:14" hostname="DESKTOP-M0VGVUA" time="0.262">
  <properties/>
  <testcase name="winAttack" classname="model.BotTest" time="0.261"/>
  <testcase name="setEnemyWho" classname="model.BotTest" time="0.001"/>
  <testcase name="getPointToWin" classname="model.BotTest" time="0.0"/>
  <system-out><![CDATA[]]></system-out>
  <system-err><![CDATA[]]></system-err>
</testsuite>
