<?xml version="1.0" encoding="UTF-8"?>
<testsuite name="model.CheckWinnerTest" tests="6" skipped="0" failures="0" errors="0" timestamp="2018-06-05T21:41:34" hostname="DESKTOP-5F2QA50" time="0.063">
  <properties/>
  <testcase name="checkOutOfFieldTestShouldReturnTrue" classname="model.CheckWinnerTest" time="0.0"/>
  <testcase name="checkDrawTestShouldReturnFalse" classname="model.CheckWinnerTest" time="0.016"/>
  <testcase name="checkWinTestShouldReturnFalse" classname="model.CheckWinnerTest" time="0.0"/>
  <testcase name="checkDrawTestShouldReturnTrue" classname="model.CheckWinnerTest" time="0.016"/>
  <testcase name="refreshDataTestShouldReturnTrue" classname="model.CheckWinnerTest" time="0.031"/>
  <testcase name="checkWinTestShouldReturnTrue" classname="model.CheckWinnerTest" time="0.0"/>
  <system-out><![CDATA[]]></system-out>
  <system-err><![CDATA[]]></system-err>
</testsuite>
