<?xml version="1.0" encoding="UTF-8"?>
<testsuite name="model.ButtonsTest" tests="3" skipped="0" failures="0" errors="0" timestamp="2018-06-05T20:40:18" hostname="DESKTOP-5F2QA50" time="0.0">
  <properties/>
  <testcase name="endGame" classname="model.ButtonsTest" time="0.0"/>
  <testcase name="refreshFree" classname="model.ButtonsTest" time="0.0"/>
  <testcase name="refreshWho" classname="model.ButtonsTest" time="0.0"/>
  <system-out><![CDATA[]]></system-out>
  <system-err><![CDATA[]]></system-err>
</testsuite>
