<?xml version="1.0" encoding="UTF-8"?>
<testsuite name="model.CheckWinnerTest" tests="4" skipped="0" failures="0" errors="0" timestamp="2018-04-17T17:13:50" hostname="DESKTOP-5F2QA50" time="0.02">
  <properties/>
  <testcase name="refreshData" classname="model.CheckWinnerTest" time="0.003"/>
  <testcase name="checkOutOfField" classname="model.CheckWinnerTest" time="0.008"/>
  <testcase name="checkDraw" classname="model.CheckWinnerTest" time="0.001"/>
  <testcase name="checkWin" classname="model.CheckWinnerTest" time="0.001"/>
  <system-out><![CDATA[]]></system-out>
  <system-err><![CDATA[]]></system-err>
</testsuite>
