<?xml version="1.0" encoding="UTF-8"?>
<testsuite name="model.BotTest" tests="10" skipped="0" failures="0" errors="0" timestamp="2018-06-05T20:14:30" hostname="DESKTOP-5F2QA50" time="0.718">
  <properties/>
  <testcase name="winAttackDidnotFindWinPositionAndReturnFalse" classname="model.BotTest" time="0.25"/>
  <testcase name="getPointToWinOnSize3x3" classname="model.BotTest" time="0.0"/>
  <testcase name="getPointToWinOnSize5x5" classname="model.BotTest" time="0.11"/>
  <testcase name="getPointToWinOnSize7x7" classname="model.BotTest" time="0.0"/>
  <testcase name="defAttackClosedWinPosition" classname="model.BotTest" time="0.328"/>
  <testcase name="setEnemyWhoOn1WhenTurnIs0" classname="model.BotTest" time="0.0"/>
  <testcase name="setEnemyWhoOn1WhenTurnIs1" classname="model.BotTest" time="0.0"/>
  <testcase name="setEnemyWhoOn2WhenTurnIs0" classname="model.BotTest" time="0.0"/>
  <testcase name="setEnemyWhoOn2WhenTurnIs1" classname="model.BotTest" time="0.0"/>
  <testcase name="defAttackDidNotFindWinAttackForEnemyAndReturnFalse" classname="model.BotTest" time="0.015"/>
  <system-out><![CDATA[]]></system-out>
  <system-err><![CDATA[]]></system-err>
</testsuite>
