<?xml version="1.0" encoding="UTF-8"?>
<testsuite name="model.PointTest" tests="4" skipped="0" failures="0" errors="0" timestamp="2018-05-21T20:24:26" hostname="DESKTOP-INSQ1E8" time="0.009">
  <properties/>
  <testcase name="setXTest" classname="model.PointTest" time="0.005"/>
  <testcase name="setYTest" classname="model.PointTest" time="0.0"/>
  <testcase name="getXTest" classname="model.PointTest" time="0.0"/>
  <testcase name="getYTest" classname="model.PointTest" time="0.001"/>
  <system-out><![CDATA[]]></system-out>
  <system-err><![CDATA[]]></system-err>
</testsuite>
