<?xml version="1.0" encoding="UTF-8"?>
<testsuite name="model.UltrScoreTest" tests="6" skipped="0" failures="0" errors="0" timestamp="2018-06-05T13:15:51" hostname="DESKTOP-M0VGVUA" time="0.003">
  <properties/>
  <testcase name="setScoreTest" classname="model.UltrScoreTest" time="0.001"/>
  <testcase name="setColTest" classname="model.UltrScoreTest" time="0.001"/>
  <testcase name="setRawTest" classname="model.UltrScoreTest" time="0.0"/>
  <testcase name="getColTest" classname="model.UltrScoreTest" time="0.0"/>
  <testcase name="getRawTest" classname="model.UltrScoreTest" time="0.0"/>
  <testcase name="getScoreTest" classname="model.UltrScoreTest" time="0.0"/>
  <system-out><![CDATA[]]></system-out>
  <system-err><![CDATA[]]></system-err>
</testsuite>
